2021-03-16 19:45:11.821  WARN 16736 --- [main] JpaBaseConfiguration$JpaWebConfiguration : spring.jpa.open-in-view is enabled by default. Therefore, database queries may be performed during view rendering. Explicitly configure spring.jpa.open-in-view to disable this warning
2021-03-16 19:47:17.437 DEBUG 16736 --- [http-nio-8080-exec-1] org.hibernate.SQL                        : select prodotto0_.codice as codice1_0_, prodotto0_.descrizione as descrizi2_0_ from prodotto prodotto0_
2021-03-16 19:49:22.461 DEBUG 16736 --- [http-nio-8080-exec-4] org.hibernate.SQL                        : select prodotto0_.codice as codice1_0_, prodotto0_.descrizione as descrizi2_0_ from prodotto prodotto0_
2021-03-16 19:51:21.110 DEBUG 16736 --- [http-nio-8080-exec-6] org.hibernate.SQL                        : select prodotto0_.codice as codice1_0_, prodotto0_.descrizione as descrizi2_0_ from prodotto prodotto0_
2021-03-16 19:51:32.635 DEBUG 16736 --- [http-nio-8080-exec-8] org.hibernate.SQL                        : select prodotto0_.codice as codice1_0_0_, prodotto0_.descrizione as descrizi2_0_0_ from prodotto prodotto0_ where prodotto0_.codice=?
2021-03-16 19:51:32.641 TRACE 16736 --- [http-nio-8080-exec-8] o.h.type.descriptor.sql.BasicBinder      : binding parameter [1] as [VARCHAR] - [ssss]
2021-03-16 19:51:32.684 DEBUG 16736 --- [http-nio-8080-exec-8] org.hibernate.SQL                        : insert into prodotto (descrizione, codice) values (?, ?)
2021-03-16 19:51:32.686 TRACE 16736 --- [http-nio-8080-exec-8] o.h.type.descriptor.sql.BasicBinder      : binding parameter [1] as [VARCHAR] - [sssss]
2021-03-16 19:51:32.688 TRACE 16736 --- [http-nio-8080-exec-8] o.h.type.descriptor.sql.BasicBinder      : binding parameter [2] as [VARCHAR] - [ssss]
2021-03-16 19:51:32.733 DEBUG 16736 --- [http-nio-8080-exec-8] org.hibernate.SQL                        : select prodotto0_.codice as codice1_0_, prodotto0_.descrizione as descrizi2_0_ from prodotto prodotto0_
2021-03-16 19:54:33.921 DEBUG 16736 --- [http-nio-8080-exec-9] org.hibernate.SQL                        : select prodotto0_.codice as codice1_0_0_, prodotto0_.descrizione as descrizi2_0_0_ from prodotto prodotto0_ where prodotto0_.codice=?
2021-03-16 19:54:33.923 TRACE 16736 --- [http-nio-8080-exec-9] o.h.type.descriptor.sql.BasicBinder      : binding parameter [1] as [VARCHAR] - [ssss]
2021-03-16 19:54:33.937 DEBUG 16736 --- [http-nio-8080-exec-9] org.hibernate.SQL                        : select prodotto0_.codice as codice1_0_, prodotto0_.descrizione as descrizi2_0_ from prodotto prodotto0_
2021-03-16 19:55:07.027 DEBUG 16736 --- [http-nio-8080-exec-1] org.hibernate.SQL                        : select prodotto0_.codice as codice1_0_0_, prodotto0_.descrizione as descrizi2_0_0_ from prodotto prodotto0_ where prodotto0_.codice=?
2021-03-16 19:55:07.029 TRACE 16736 --- [http-nio-8080-exec-1] o.h.type.descriptor.sql.BasicBinder      : binding parameter [1] as [VARCHAR] - [ssss]
2021-03-16 19:55:07.035 DEBUG 16736 --- [http-nio-8080-exec-1] org.hibernate.SQL                        : select prodotto0_.codice as codice1_0_, prodotto0_.descrizione as descrizi2_0_ from prodotto prodotto0_
2021-03-16 20:26:17.200 DEBUG 16736 --- [http-nio-8080-exec-2] org.hibernate.SQL                        : select prodotto0_.codice as codice1_0_0_, prodotto0_.descrizione as descrizi2_0_0_ from prodotto prodotto0_ where prodotto0_.codice=?
2021-03-16 20:26:17.202 TRACE 16736 --- [http-nio-8080-exec-2] o.h.type.descriptor.sql.BasicBinder      : binding parameter [1] as [VARCHAR] - [ssss]
2021-03-16 20:26:17.212 DEBUG 16736 --- [http-nio-8080-exec-2] org.hibernate.SQL                        : select prodotto0_.codice as codice1_0_, prodotto0_.descrizione as descrizi2_0_ from prodotto prodotto0_
2021-03-16 20:41:24.549 DEBUG 16736 --- [http-nio-8080-exec-7] org.hibernate.SQL                        : select prodotto0_.codice as codice1_0_, prodotto0_.descrizione as descrizi2_0_ from prodotto prodotto0_
2021-03-16 20:45:22.480 DEBUG 16736 --- [http-nio-8080-exec-10] org.hibernate.SQL                        : select prodotto0_.codice as codice1_0_, prodotto0_.descrizione as descrizi2_0_ from prodotto prodotto0_
2021-03-16 20:45:37.719 DEBUG 16736 --- [http-nio-8080-exec-9] org.hibernate.SQL                        : select prodotto0_.codice as codice1_0_0_, prodotto0_.descrizione as descrizi2_0_0_ from prodotto prodotto0_ where prodotto0_.codice=?
2021-03-16 20:45:37.720 TRACE 16736 --- [http-nio-8080-exec-9] o.h.type.descriptor.sql.BasicBinder      : binding parameter [1] as [VARCHAR] - [sssssss]
2021-03-16 20:45:37.724 DEBUG 16736 --- [http-nio-8080-exec-9] org.hibernate.SQL                        : insert into prodotto (descrizione, codice) values (?, ?)
2021-03-16 20:45:37.725 TRACE 16736 --- [http-nio-8080-exec-9] o.h.type.descriptor.sql.BasicBinder      : binding parameter [1] as [VARCHAR] - [null]
2021-03-16 20:45:37.727 TRACE 16736 --- [http-nio-8080-exec-9] o.h.type.descriptor.sql.BasicBinder      : binding parameter [2] as [VARCHAR] - [sssssss]
2021-03-16 20:45:37.745 DEBUG 16736 --- [http-nio-8080-exec-9] org.hibernate.SQL                        : select prodotto0_.codice as codice1_0_, prodotto0_.descrizione as descrizi2_0_ from prodotto prodotto0_
2021-03-16 20:46:23.002 DEBUG 16736 --- [http-nio-8080-exec-1] org.hibernate.SQL                        : select prodotto0_.codice as codice1_0_0_, prodotto0_.descrizione as descrizi2_0_0_ from prodotto prodotto0_ where prodotto0_.codice=?
2021-03-16 20:46:23.003 TRACE 16736 --- [http-nio-8080-exec-1] o.h.type.descriptor.sql.BasicBinder      : binding parameter [1] as [VARCHAR] - [sssssss]
2021-03-16 20:46:23.009 DEBUG 16736 --- [http-nio-8080-exec-1] org.hibernate.SQL                        : select prodotto0_.codice as codice1_0_, prodotto0_.descrizione as descrizi2_0_ from prodotto prodotto0_
2021-03-16 20:46:26.032 DEBUG 16736 --- [http-nio-8080-exec-3] org.hibernate.SQL                        : select prodotto0_.codice as codice1_0_0_, prodotto0_.descrizione as descrizi2_0_0_ from prodotto prodotto0_ where prodotto0_.codice=?
2021-03-16 20:46:26.033 TRACE 16736 --- [http-nio-8080-exec-3] o.h.type.descriptor.sql.BasicBinder      : binding parameter [1] as [VARCHAR] - [sssssss]
2021-03-16 20:46:26.039 DEBUG 16736 --- [http-nio-8080-exec-3] org.hibernate.SQL                        : select prodotto0_.codice as codice1_0_, prodotto0_.descrizione as descrizi2_0_ from prodotto prodotto0_
2021-03-16 20:47:03.166 DEBUG 16736 --- [http-nio-8080-exec-4] org.hibernate.SQL                        : select prodotto0_.codice as codice1_0_, prodotto0_.descrizione as descrizi2_0_ from prodotto prodotto0_
2021-03-16 20:47:11.027 DEBUG 16736 --- [http-nio-8080-exec-2] org.hibernate.SQL                        : select prodotto0_.codice as codice1_0_0_, prodotto0_.descrizione as descrizi2_0_0_ from prodotto prodotto0_ where prodotto0_.codice=?
2021-03-16 20:47:11.028 TRACE 16736 --- [http-nio-8080-exec-2] o.h.type.descriptor.sql.BasicBinder      : binding parameter [1] as [VARCHAR] - [fkdjfksdjfs]
2021-03-16 20:47:11.032 DEBUG 16736 --- [http-nio-8080-exec-2] org.hibernate.SQL                        : insert into prodotto (descrizione, codice) values (?, ?)
2021-03-16 20:47:11.035 TRACE 16736 --- [http-nio-8080-exec-2] o.h.type.descriptor.sql.BasicBinder      : binding parameter [1] as [VARCHAR] - [djasdkhdoas]
2021-03-16 20:47:11.036 TRACE 16736 --- [http-nio-8080-exec-2] o.h.type.descriptor.sql.BasicBinder      : binding parameter [2] as [VARCHAR] - [fkdjfksdjfs]
2021-03-16 20:47:11.046 DEBUG 16736 --- [http-nio-8080-exec-2] org.hibernate.SQL                        : select prodotto0_.codice as codice1_0_, prodotto0_.descrizione as descrizi2_0_ from prodotto prodotto0_
2021-03-16 20:49:55.984 DEBUG 16736 --- [http-nio-8080-exec-6] org.hibernate.SQL                        : select prodotto0_.codice as codice1_0_, prodotto0_.descrizione as descrizi2_0_ from prodotto prodotto0_
2021-03-16 20:49:59.979 DEBUG 16736 --- [http-nio-8080-exec-7] org.hibernate.SQL                        : select prodotto0_.codice as codice1_0_0_, prodotto0_.descrizione as descrizi2_0_0_ from prodotto prodotto0_ where prodotto0_.codice=?
2021-03-16 20:49:59.981 TRACE 16736 --- [http-nio-8080-exec-7] o.h.type.descriptor.sql.BasicBinder      : binding parameter [1] as [VARCHAR] - [aaaa]
2021-03-16 20:49:59.984 DEBUG 16736 --- [http-nio-8080-exec-7] org.hibernate.SQL                        : insert into prodotto (descrizione, codice) values (?, ?)
2021-03-16 20:49:59.985 TRACE 16736 --- [http-nio-8080-exec-7] o.h.type.descriptor.sql.BasicBinder      : binding parameter [1] as [VARCHAR] - [aaaa]
2021-03-16 20:49:59.988 TRACE 16736 --- [http-nio-8080-exec-7] o.h.type.descriptor.sql.BasicBinder      : binding parameter [2] as [VARCHAR] - [aaaa]
2021-03-16 20:50:00.001 DEBUG 16736 --- [http-nio-8080-exec-7] org.hibernate.SQL                        : select prodotto0_.codice as codice1_0_, prodotto0_.descrizione as descrizi2_0_ from prodotto prodotto0_
2021-03-16 20:50:40.330 DEBUG 16736 --- [http-nio-8080-exec-8] org.hibernate.SQL                        : select prodotto0_.codice as codice1_0_, prodotto0_.descrizione as descrizi2_0_ from prodotto prodotto0_
2021-03-16 20:54:01.006 DEBUG 16736 --- [http-nio-8080-exec-9] org.hibernate.SQL                        : select prodotto0_.codice as codice1_0_, prodotto0_.descrizione as descrizi2_0_ from prodotto prodotto0_
2021-03-16 21:01:22.515 DEBUG 16736 --- [http-nio-8080-exec-3] org.hibernate.SQL                        : select prodotto0_.codice as codice1_0_, prodotto0_.descrizione as descrizi2_0_ from prodotto prodotto0_
